<testsuites id="" name="" tests="1" failures="0" skipped="0" errors="0" time="3.1127089999999997">
<testsuite name="put_request_api.spec.js" timestamp="2026-08-08T00:52:02.888Z" hostname="chromium" tests="1" failures="0" skipped="0" time="2.314" errors="0">
<testcase name="Verify that user can update/put details" classname="put_request_api.spec.js" time="2.314">
<system-out>
<![CDATA[{
  bookingid: [33m514[39m,
  booking: {
    firstname: [32m'Paul Kelvin'[39m,
    lastname: [32m'Denis Poll'[39m,
    totalprice: [33m1000[39m,
    depositpaid: [33mtrue[39m,
    bookingdates: { checkin: [32m'2018-01-01'[39m, checkout: [32m'2019-01-01'[39m },
    additionalneeds: [32m'super bowls'[39m
  }
}
=========================================================
{
  firstname: [32m'Paul Kelvin'[39m,
  lastname: [32m'Denis Poll'[39m,
  totalprice: [33m1000[39m,
  depositpaid: [33mtrue[39m,
  bookingdates: { checkin: [32m'2018-01-01'[39m, checkout: [32m'2019-01-01'[39m },
  additionalneeds: [32m'super bowls'[39m
}
This is the token: 5b2647da5d2e44a
==PUT API CALL==
{
  firstname: [32m'Specflow'[39m,
  lastname: [32m'Selenium C#'[39m,
  totalprice: [33m111[39m,
  depositpaid: [33mtrue[39m,
  bookingdates: { checkin: [32m'2018-01-01'[39m, checkout: [32m'2019-01-01'[39m },
  additionalneeds: [32m'super bowls'[39m
}
]]>
</system-out>
</testcase>
</testsuite>
</testsuites>