<testsuites id="" name="" tests="9" failures="0" skipped="0" errors="0" time="5.286854999999999">
<testsuite name="delete_request_api.spec.js" timestamp="2026-08-09T19:40:18.591Z" hostname="chromium" tests="1" failures="0" skipped="0" time="3.57" errors="0">
<testcase name="DELETE Booking - Verify user can delete booking with valid authentication token" classname="delete_request_api.spec.js" time="3.57">
<system-out>
<![CDATA[POST Response: {
  bookingid: [33m4991[39m,
  booking: {
    firstname: [32m'Festus'[39m,
    lastname: [32m'Mbah'[39m,
    totalprice: [33m1000[39m,
    depositpaid: [33mtrue[39m,
    bookingdates: { checkin: [32m'2018-01-01'[39m, checkout: [32m'2019-01-01'[39m },
    additionalneeds: [32m'banana'[39m
  }
}
GET Response: {
  firstname: [32m'Festus'[39m,
  lastname: [32m'Mbah'[39m,
  totalprice: [33m1000[39m,
  depositpaid: [33mtrue[39m,
  bookingdates: { checkin: [32m'2018-01-01'[39m, checkout: [32m'2019-01-01'[39m },
  additionalneeds: [32m'banana'[39m
}
PATCH Response: {
  firstname: [32m'Grace'[39m,
  lastname: [32m'Mbah'[39m,
  totalprice: [33m1000[39m,
  depositpaid: [33mtrue[39m,
  bookingdates: { checkin: [32m'2018-01-01'[39m, checkout: [32m'2019-01-01'[39m },
  additionalneeds: [32m'banana'[39m
}
DELETE Response: 201 Created

[[ATTACHMENT|test-results\delete_request_api-DELETE--91730--valid-authentication-token-chromium\trace.zip]]
]]>
</system-out>
</testcase>
</testsuite>
<testsuite name="get_request_api.spec.js" timestamp="2026-08-09T19:40:18.591Z" hostname="chromium" tests="1" failures="0" skipped="0" time="2.702" errors="0">
<testcase name="Verify that user can getting booking details" classname="get_request_api.spec.js" time="2.702">
<system-out>
<![CDATA[{
  bookingid: [33m4989[39m,
  booking: {
    firstname: [32m'Paul Kelvin'[39m,
    lastname: [32m'Denis Poll'[39m,
    totalprice: [33m1000[39m,
    depositpaid: [33mtrue[39m,
    bookingdates: { checkin: [32m'2018-01-01'[39m, checkout: [32m'2019-01-01'[39m },
    additionalneeds: [32m'super bowls'[39m
  }
}
=========================================================
{
  firstname: [32m'Paul Kelvin'[39m,
  lastname: [32m'Denis Poll'[39m,
  totalprice: [33m1000[39m,
  depositpaid: [33mtrue[39m,
  bookingdates: { checkin: [32m'2018-01-01'[39m, checkout: [32m'2019-01-01'[39m },
  additionalneeds: [32m'super bowls'[39m
}

[[ATTACHMENT|test-results\get_request_api-Verify-that-user-can-getting-booking-details-chromium\trace.zip]]
]]>
</system-out>
</testcase>
</testsuite>
<testsuite name="patch_request_api.spec.js" timestamp="2026-08-09T19:40:18.591Z" hostname="chromium" tests="1" failures="0" skipped="0" time="2.959" errors="0">
<testcase name="Verify user can use Patch api to update details with valid token" classname="patch_request_api.spec.js" time="2.959">
<system-out>
<![CDATA[{
  bookingid: [33m4990[39m,
  booking: {
    firstname: [32m'Paul Kelvin'[39m,
    lastname: [32m'Denis Poll'[39m,
    totalprice: [33m1000[39m,
    depositpaid: [33mtrue[39m,
    bookingdates: { checkin: [32m'2018-01-01'[39m, checkout: [32m'2019-01-01'[39m },
    additionalneeds: [32m'super bowls'[39m
  }
}
=========================================================
{
  firstname: [32m'Paul Kelvin'[39m,
  lastname: [32m'Denis Poll'[39m,
  totalprice: [33m1000[39m,
  depositpaid: [33mtrue[39m,
  bookingdates: { checkin: [32m'2018-01-01'[39m, checkout: [32m'2019-01-01'[39m },
  additionalneeds: [32m'super bowls'[39m
}
This is the token: 3a735d372b08e3c
==PATCH API CALL==
{
  firstname: [32m'Grace'[39m,
  lastname: [32m'Denis Poll'[39m,
  totalprice: [33m1000[39m,
  depositpaid: [33mtrue[39m,
  bookingdates: { checkin: [32m'2018-01-01'[39m, checkout: [32m'2019-01-01'[39m },
  additionalneeds: [32m'super bowls'[39m
}

[[ATTACHMENT|test-results\patch_request_api-Verify-u-9fda6-te-details-with-valid-token-chromium\trace.zip]]
]]>
</system-out>
</testcase>
</testsuite>
<testsuite name="post_request_api_01.spec.js" timestamp="2026-08-09T19:40:18.591Z" hostname="chromium" tests="1" failures="0" skipped="0" time="2.375" errors="0">
<testcase name="Verify that user can creat a booking ticket using Static JSON file" classname="post_request_api_01.spec.js" time="2.375">
<system-out>
<![CDATA[{
  bookingid: [33m4994[39m,
  booking: {
    firstname: [32m'Paul Kelvin'[39m,
    lastname: [32m'Denis Poll'[39m,
    totalprice: [33m1000[39m,
    depositpaid: [33mtrue[39m,
    bookingdates: { checkin: [32m'2018-01-01'[39m, checkout: [32m'2019-01-01'[39m },
    additionalneeds: [32m'super bowls'[39m
  }
}

[[ATTACHMENT|test-results\post_request_api_01-Verify-25a61-cket-using-Static-JSON-file-chromium\trace.zip]]
]]>
</system-out>
</testcase>
</testsuite>
<testsuite name="post_request_api_02.spec.js" timestamp="2026-08-09T19:40:18.591Z" hostname="chromium" tests="1" failures="0" skipped="0" time="1.963" errors="0">
<testcase name="Verify that user can creat a booking ticket using dynamic data" classname="post_request_api_02.spec.js" time="1.963">
<system-out>
<![CDATA[{
  bookingid: [33m4992[39m,
  booking: {
    firstname: [32m'Camylle'[39m,
    lastname: [32m'Spencer'[39m,
    totalprice: [33m700[39m,
    depositpaid: [33mtrue[39m,
    bookingdates: { checkin: [32m'2026-08-09'[39m, checkout: [32m'2026-08-14'[39m },
    additionalneeds: [32m'super bowls'[39m
  }
}

[[ATTACHMENT|test-results\post_request_api_02-Verify-48f4c-g-ticket-using-dynamic-data-chromium\trace.zip]]
]]>
</system-out>
</testcase>
</testsuite>
<testsuite name="post_request_api_03.spec.js" timestamp="2026-08-09T19:40:18.591Z" hostname="chromium" tests="1" failures="0" skipped="0" time="2.446" errors="0">
<testcase name="Verify that user can creat a booking ticket using Static JSON file" classname="post_request_api_03.spec.js" time="2.446">
<system-out>
<![CDATA[{
  bookingid: [33m4993[39m,
  booking: {
    firstname: [32m'Festus'[39m,
    lastname: [32m'Mbah'[39m,
    totalprice: [33m1000[39m,
    depositpaid: [33mtrue[39m,
    bookingdates: { checkin: [32m'2018-01-01'[39m, checkout: [32m'2019-01-01'[39m },
    additionalneeds: [32m'banana'[39m
  }
}

[[ATTACHMENT|test-results\post_request_api_03-Verify-fba6b-cket-using-Static-JSON-file-chromium\trace.zip]]
]]>
</system-out>
</testcase>
</testsuite>
<testsuite name="post_request_api.spec.js" timestamp="2026-08-09T19:40:18.591Z" hostname="chromium" tests="1" failures="0" skipped="0" time="0.356" errors="0">
<testcase name="Verify that user can creat a booking ticket" classname="post_request_api.spec.js" time="0.356">
<system-out>
<![CDATA[{
  bookingid: [33m4998[39m,
  booking: {
    firstname: [32m'Paul Kelvin'[39m,
    lastname: [32m'Denis Poll'[39m,
    totalprice: [33m1000[39m,
    depositpaid: [33mtrue[39m,
    bookingdates: { checkin: [32m'2018-01-01'[39m, checkout: [32m'2019-01-01'[39m },
    additionalneeds: [32m'super bowls'[39m
  }
}

[[ATTACHMENT|test-results\post_request_api-Verify-that-user-can-creat-a-booking-ticket-chromium\trace.zip]]
]]>
</system-out>
</testcase>
</testsuite>
<testsuite name="put_request_api.spec.js" timestamp="2026-08-09T19:40:18.591Z" hostname="chromium" tests="1" failures="0" skipped="0" time="1.056" errors="0">
<testcase name="Verify that user can update/put details with valid" classname="put_request_api.spec.js" time="1.056">
<system-out>
<![CDATA[{
  bookingid: [33m5001[39m,
  booking: {
    firstname: [32m'Paul Kelvin'[39m,
    lastname: [32m'Denis Poll'[39m,
    totalprice: [33m1000[39m,
    depositpaid: [33mtrue[39m,
    bookingdates: { checkin: [32m'2018-01-01'[39m, checkout: [32m'2019-01-01'[39m },
    additionalneeds: [32m'super bowls'[39m
  }
}
=========================================================
{
  firstname: [32m'Paul Kelvin'[39m,
  lastname: [32m'Denis Poll'[39m,
  totalprice: [33m1000[39m,
  depositpaid: [33mtrue[39m,
  bookingdates: { checkin: [32m'2018-01-01'[39m, checkout: [32m'2019-01-01'[39m },
  additionalneeds: [32m'super bowls'[39m
}
This is the token: ab0a51e2da83c96
==PUT API CALL==
{
  firstname: [32m'Specflow'[39m,
  lastname: [32m'Selenium C#'[39m,
  totalprice: [33m111[39m,
  depositpaid: [33mtrue[39m,
  bookingdates: { checkin: [32m'2018-01-01'[39m, checkout: [32m'2019-01-01'[39m },
  additionalneeds: [32m'super bowls'[39m
}

[[ATTACHMENT|test-results\put_request_api-Verify-tha-6c886-date-put-details-with-valid-chromium\trace.zip]]
]]>
</system-out>
</testcase>
</testsuite>
<testsuite name="query_parameters.spec.js" timestamp="2026-08-09T19:40:18.591Z" hostname="chromium" tests="1" failures="0" skipped="0" time="0.566" errors="0">
<testcase name="Verify that user can get query parameters" classname="query_parameters.spec.js" time="0.566">
<system-out>
<![CDATA[{
  bookingid: [33m5002[39m,
  booking: {
    firstname: [32m'Festus'[39m,
    lastname: [32m'Mbah'[39m,
    totalprice: [33m1000[39m,
    depositpaid: [33mtrue[39m,
    bookingdates: { checkin: [32m'2018-01-01'[39m, checkout: [32m'2019-01-01'[39m },
    additionalneeds: [32m'banana'[39m
  }
}
=========================================================
[]

[[ATTACHMENT|test-results\query_parameters-Verify-that-user-can-get-query-parameters-chromium\trace.zip]]
]]>
</system-out>
</testcase>
</testsuite>
</testsuites>